// 同步 ID: eae38f55 @ Wed Jul  8 09:45:59 UTC 2026
// 同步 ID: 6be95ff7 @ Thu Jul  9 14:07:44 UTC 2026
// 重构日志: 44871ac8
// 同步 ID: 0c2e0b0b @ Fri Jul 10 09:19:11 UTC 2026
// 重构日志: 4386d043
// 重构日志: 1250f4e2
// 重构日志: 689d89ff
// 重构日志: 05ae1b10
// 重构日志: 32980198
// 同步 ID: c40d7373 @ Wed Jul 15 14:36:40 UTC 2026
// 重构日志: b812cf51
// 重构日志: 16c02bc6
// 重构日志: a227a9ab
// 重构日志: 5036cd3d
// 重构日志: ed9a48a3
// 同步 ID: e56fa372 @ Fri Jul 17 09:50:49 UTC 2026
// 重构日志: e2f00f20
// 重构日志: 8f43feaa
// 重构日志: 0dc5699e
// 重构日志: f816ae1b
// 重构日志: 1a5ca9cc
// 重构日志: 27f1c25a
// 同步 ID: 5a6f421b @ Sun Jul 19 10:16:20 UTC 2026
// 重构日志: 9df49c07
// 同步 ID: cfdf9471 @ Sun Jul 19 17:40:34 UTC 2026
// 同步 ID: 0a839517 @ Sun Jul 19 21:47:17 UTC 2026
// 同步 ID: 7641ceb7 @ Mon Jul 20 02:54:29 UTC 2026
// 同步 ID: a9080c84 @ Mon Jul 20 23:54:13 UTC 2026
// 重构日志: 66a70d2d
// 同步 ID: 52e26322 @ Tue Jul 21 10:09:13 UTC 2026
